New log file opened at Tue Feb 07 00:41:35 CET 2017 by 11120@DESKTOP-JPTRD7Q
Taking next connection to: 41202
New client attempting to connect on port: 41205-41202
  Address = /192.168.56.1:41202
This client on port 41205 has uuid cee63163-2b99-403a-a457-7c5b3d167600 configName activator humanReadableName Activator protocolVersion 3 featureTags Vector()
Connected Clients: activator-cee63163-2b99-403a-a457-7c5b3d167600
Taking next connection to: 41202
Checking to see if clients are empty...
We have 1 non-daemon clients, continuing serving connections.
Taking next connection to: 41202
Checking to see if clients are empty...
We have 1 non-daemon clients, continuing serving connections.
Taking next connection to: 41202
Checking to see if clients are empty...
We have 1 non-daemon clients, continuing serving connections.
Taking next connection to: 41202
Checking to see if clients are empty...
We have 1 non-daemon clients, continuing serving connections.
Taking next connection to: 41202
Checking to see if clients are empty...
We have 1 non-daemon clients, continuing serving connections.
Taking next connection to: 41202
Checking to see if clients are empty...
We have 1 non-daemon clients, continuing serving connections.
Taking next connection to: 41202
Checking to see if clients are empty...
We have 1 non-daemon clients, continuing serving connections.
Taking next connection to: 41202
Checking to see if clients are empty...
We have 1 non-daemon clients, continuing serving connections.
Taking next connection to: 41202
Checking to see if clients are empty...
We have 1 non-daemon clients, continuing serving connections.
Taking next connection to: 41202
Checking to see if clients are empty...
We have 1 non-daemon clients, continuing serving connections.
Taking next connection to: 41202
