New log file opened at Tue Feb 07 00:41:35 CET 2017 by 11120@DESKTOP-JPTRD7Q
jvm 11120@DESKTOP-JPTRD7Q
jvm vmName=Java HotSpot(TM) 64-Bit Server VM vmVendor=Oracle Corporation vmVersion=25.121-b13
jvm specName=Java Virtual Machine Specification specVendor=Oracle Corporation specVersion=1.8
jvm arguments: [-Xms256m, -Xmx1024m, -XX:MetaspaceSize=64m, -XX:MaxMetaspaceSize=256m]
Starting event engine
Starting sbt command engine
Waiting for sbt command engine
Command engine arguments=List()
Command engine baseDirectory=C:\hello-akka
Command engine initial remaining commands List(--initialize, onFailure load-failed, boot, server-send-ready-for-request, server-handle-next-server-request)
> --initialize
> initialize
> onFailure load-failed
> boot
> reload
[Loading] Scanning directory C:\hello-akka\project
[Loading] Found non-root projects 
[Loading] Done in C:\hello-akka\project, returning: ()
deducing auto plugins based on known facts Set(Atom(sbt.plugins.CorePlugin)) and clauses Clauses(List(Clause(Atom(sbt.plugins.JvmPlugin),Set(Atom(sbt.plugins.IvyPlugin))), Clause(Atom(sbt.plugins.JUnitXmlReportPlugin),Set(Atom(sbt.plugins.JvmPlugin))), Clause(Atom(sbt.plugins.CorePlugin),Set(Atom(sbt.plugins.IvyPlugin))), Clause(Atom(sbt.plugins.IvyPlugin),Set(Atom(sbt.plugins.JvmPlugin))), Clause(Atom(sbt.plugins.JvmPlugin),Set(Atom(sbt.plugins.JUnitXmlReportPlugin)))))
  :: deduced result: Matched(sbt.plugins.CorePlugin,sbt.plugins.IvyPlugin,sbt.plugins.JvmPlugin,sbt.plugins.JUnitXmlReportPlugin)
sorting: ns: List(sbt.plugins.CorePlugin, sbt.plugins.IvyPlugin, sbt.plugins.JvmPlugin, sbt.plugins.JUnitXmlReportPlugin)
  :: sorting:: found: List(sbt.plugins.CorePlugin) not found List(sbt.plugins.IvyPlugin, sbt.plugins.JvmPlugin, sbt.plugins.JUnitXmlReportPlugin)
  :: sorting:: found: List(sbt.plugins.CorePlugin, sbt.plugins.IvyPlugin) not found List(sbt.plugins.JvmPlugin, sbt.plugins.JUnitXmlReportPlugin)
  :: sorting:: found: List(sbt.plugins.CorePlugin, sbt.plugins.IvyPlugin, sbt.plugins.JvmPlugin) not found List(sbt.plugins.JUnitXmlReportPlugin)
  :: sorting:: found: List(sbt.plugins.CorePlugin, sbt.plugins.IvyPlugin, sbt.plugins.JvmPlugin, sbt.plugins.JUnitXmlReportPlugin) not found List()
  :: sorted deduced result: List(sbt.plugins.CorePlugin, sbt.plugins.IvyPlugin, sbt.plugins.JvmPlugin, sbt.plugins.JUnitXmlReportPlugin)
[Loading] Done in C:\hello-akka\project, returning: (hello-akka-build)
Loading project definition from C:\hello-akka\project
Running task... Cancel: sbt.TaskCancellationStrategy$Null$@5e944f91, check cycles: false

Initial source changes: 
	removed:Set()
	added: Set()
	modified: Set()
Removed products: Set()
External API changes: API Changes: Set()
Modified binary dependencies: Set()
Initial directly invalidated sources: Set()

Sources indirectly invalidated by:
	product: Set()
	binary dep: Set()
	external source: Set()
All initially invalidated sources: Set()

Copy resource mappings: 
	
[Loading] Scanning directory C:\hello-akka
[Loading] Found non-root projects 
[Loading] Done in C:\hello-akka, returning: ()
deducing auto plugins based on known facts Set(Atom(sbt.plugins.CorePlugin)) and clauses Clauses(List(Clause(Atom(sbt.plugins.JvmPlugin),Set(Atom(sbt.plugins.IvyPlugin))), Clause(Atom(sbt.plugins.JUnitXmlReportPlugin),Set(Atom(sbt.plugins.JvmPlugin))), Clause(Atom(sbt.plugins.BackgroundRunPlugin),Set(Atom(sbt.plugins.JvmPlugin))), Clause(Atom(sbt.plugins.CorePlugin),Set(Atom(sbt.plugins.IvyPlugin))), Clause(Atom(sbt.plugins.IvyPlugin),Set(Atom(sbt.plugins.JvmPlugin))), Clause(Atom(sbt.plugins.JvmPlugin),Set(Atom(sbt.plugins.JUnitXmlReportPlugin))), Clause(Atom(sbt.plugins.JvmPlugin),Set(Atom(sbt.plugins.BackgroundRunPlugin))), Clause(Atom(sbt.plugins.CorePlugin),Set(Atom(sbt.plugins.InteractionServicePlugin))), Clause(Atom(sbt.plugins.CorePlugin),Set(Atom(sbt.plugins.SendEventServicePlugin))), Clause(Atom(sbt.plugins.CorePlugin),Set(Atom(sbt.plugins.SerializersPlugin)))))
  :: deduced result: Matched(sbt.plugins.CorePlugin,sbt.plugins.SerializersPlugin,sbt.plugins.SendEventServicePlugin,sbt.plugins.InteractionServicePlugin,sbt.plugins.IvyPlugin,sbt.plugins.JvmPlugin,sbt.plugins.BackgroundRunPlugin,sbt.plugins.JUnitXmlReportPlugin)
sorting: ns: List(sbt.plugins.CorePlugin, sbt.plugins.SerializersPlugin, sbt.plugins.SendEventServicePlugin, sbt.plugins.InteractionServicePlugin, sbt.plugins.IvyPlugin, sbt.plugins.JvmPlugin, sbt.plugins.BackgroundRunPlugin, sbt.plugins.JUnitXmlReportPlugin)
  :: sorting:: found: List(sbt.plugins.CorePlugin) not found List(sbt.plugins.SerializersPlugin, sbt.plugins.SendEventServicePlugin, sbt.plugins.InteractionServicePlugin, sbt.plugins.IvyPlugin, sbt.plugins.JvmPlugin, sbt.plugins.BackgroundRunPlugin, sbt.plugins.JUnitXmlReportPlugin)
  :: sorting:: found: List(sbt.plugins.CorePlugin, sbt.plugins.SerializersPlugin, sbt.plugins.SendEventServicePlugin, sbt.plugins.InteractionServicePlugin, sbt.plugins.IvyPlugin) not found List(sbt.plugins.JvmPlugin, sbt.plugins.BackgroundRunPlugin, sbt.plugins.JUnitXmlReportPlugin)
  :: sorting:: found: List(sbt.plugins.CorePlugin, sbt.plugins.SerializersPlugin, sbt.plugins.SendEventServicePlugin, sbt.plugins.InteractionServicePlugin, sbt.plugins.IvyPlugin, sbt.plugins.JvmPlugin) not found List(sbt.plugins.BackgroundRunPlugin, sbt.plugins.JUnitXmlReportPlugin)
  :: sorting:: found: List(sbt.plugins.CorePlugin, sbt.plugins.SerializersPlugin, sbt.plugins.SendEventServicePlugin, sbt.plugins.InteractionServicePlugin, sbt.plugins.IvyPlugin, sbt.plugins.JvmPlugin, sbt.plugins.BackgroundRunPlugin, sbt.plugins.JUnitXmlReportPlugin) not found List()
  :: sorted deduced result: List(sbt.plugins.CorePlugin, sbt.plugins.SerializersPlugin, sbt.plugins.SendEventServicePlugin, sbt.plugins.InteractionServicePlugin, sbt.plugins.IvyPlugin, sbt.plugins.JvmPlugin, sbt.plugins.BackgroundRunPlugin, sbt.plugins.JUnitXmlReportPlugin)
[Loading] Done in C:\hello-akka, returning: (hello-akka)
Set current project to hello-akka (in build file:/C:/hello-akka/)
Reapplying settings...
Set current project to hello-akka (in build file:/C:/hello-akka/)
> iflast shell
> server-send-ready-for-request
> server-handle-next-server-request
> {file:/C:/hello-akka/}hello-akka/compile:discoveredMainClasses
Evaluating tasks: compile:discoveredMainClasses
Running task... Cancel: sbt.server.ServerTaskCancellation@553bea08, check cycles: false
Read from stdout: Updating {file:/C:/hello-akka/}hello-akka...
Updating {file:/C:/hello-akka/}hello-akka...
Other repositories:
Default repositories:
Using inline dependencies specified in Scala.
:: resolving dependencies :: default#hello-akka_2.11;1.0
	confs: [compile, runtime, test, provided, optional, compile-internal, runtime-internal, test-internal, plugin, sources, docs, pom, scala-tool]
	validate = true
	refresh = false
resolving dependencies for configuration 'compile'
== resolving dependencies for default#hello-akka_2.11;1.0 [compile]
== resolving dependencies default#hello-akka_2.11;1.0->org.scala-lang#scala-library;2.11.6 [compile->default(compile)]
Read from stdout: Resolving org.scala-lang#scala-library;2.11.6 ...
Resolving org.scala-lang#scala-library;2.11.6 ...
sbt-chain: Checking cache for: sbt.ivyint.MergedDescriptors@930986e
sbt-chain: module revision found in cache: org.scala-lang#scala-library;2.11.6
	found org.scala-lang#scala-library;2.11.6 in sbt-chain
	[2.11.6] org.scala-lang#scala-library;2.11.6
== resolving dependencies default#hello-akka_2.11;1.0->org.scala-lang#scala-library;2.11.6 [compile->runtime]
== resolving dependencies default#hello-akka_2.11;1.0->org.scala-lang#scala-library;2.11.6 [compile->compile]
== resolving dependencies default#hello-akka_2.11;1.0->org.scala-lang#scala-library;2.11.6 [compile->master]
== resolving dependencies default#hello-akka_2.11;1.0->com.typesafe.akka#akka-actor_2.11;2.4.0 [compile->default(compile)]
Read from stdout: Resolving com.typesafe.akka#akka-actor_2.11;2.4.0 ...
Resolving com.typesafe.akka#akka-actor_2.11;2.4.0 ...
sbt-chain: Checking cache for: dependency: com.typesafe.akka#akka-actor_2.11;2.4.0 {compile=[default(compile)]}
sbt-chain: module revision found in cache: com.typesafe.akka#akka-actor_2.11;2.4.0
	found com.typesafe.akka#akka-actor_2.11;2.4.0 in sbt-chain
== resolving dependencies default#hello-akka_2.11;1.0->com.typesafe.akka#akka-actor_2.11;2.4.0 [compile->runtime]
== resolving dependencies default#hello-akka_2.11;1.0->com.typesafe.akka#akka-actor_2.11;2.4.0 [compile->compile]
== resolving dependencies com.typesafe.akka#akka-actor_2.11;2.4.0->org.scala-lang#scala-library;2.11.7 [compile->master(compile)]
Read from stdout: Resolving org.scala-lang#scala-library;2.11.7 ...
Resolving org.scala-lang#scala-library;2.11.7 ...
sbt-chain: Checking cache for: dependency: org.scala-lang#scala-library;2.11.7 {compile=[compile(*), master(compile)], runtime=[runtime(*)]}
sbt-chain: module revision found in cache: org.scala-lang#scala-library;2.11.7
	found org.scala-lang#scala-library;2.11.7 in sbt-chain
	[2.11.7] org.scala-lang#scala-library;2.11.7
== resolving dependencies com.typesafe.akka#akka-actor_2.11;2.4.0->org.scala-lang#scala-library;2.11.7 [compile->compile(*)]
== resolving dependencies com.typesafe.akka#akka-actor_2.11;2.4.0->org.scala-lang#scala-library;2.11.7 [compile->runtime(*)]
== resolving dependencies com.typesafe.akka#akka-actor_2.11;2.4.0->org.scala-lang#scala-library;2.11.7 [compile->compile]
== resolving dependencies com.typesafe.akka#akka-actor_2.11;2.4.0->org.scala-lang#scala-library;2.11.7 [compile->runtime]
== resolving dependencies com.typesafe.akka#akka-actor_2.11;2.4.0->org.scala-lang#scala-library;2.11.7 [compile->compile]
== resolving dependencies com.typesafe.akka#akka-actor_2.11;2.4.0->org.scala-lang#scala-library;2.11.7 [compile->default(compile)]
== resolving dependencies com.typesafe.akka#akka-actor_2.11;2.4.0->org.scala-lang#scala-library;2.11.7 [compile->runtime]
== resolving dependencies com.typesafe.akka#akka-actor_2.11;2.4.0->org.scala-lang#scala-library;2.11.7 [compile->compile]
== resolving dependencies com.typesafe.akka#akka-actor_2.11;2.4.0->org.scala-lang#scala-library;2.11.7 [compile->master]
== resolving dependencies com.typesafe.akka#akka-actor_2.11;2.4.0->com.typesafe#config;1.3.0 [compile->master(compile)]
Read from stdout: Resolving com.typesafe#config;1.3.0 ...
Resolving com.typesafe#config;1.3.0 ...
sbt-chain: Checking cache for: dependency: com.typesafe#config;1.3.0 {compile=[compile(*), master(compile)], runtime=[runtime(*)]}
sbt-chain: module revision found in cache: com.typesafe#config;1.3.0
	found com.typesafe#config;1.3.0 in sbt-chain
== resolving dependencies com.typesafe.akka#akka-actor_2.11;2.4.0->com.typesafe#config;1.3.0 [compile->compile(*)]
== resolving dependencies com.typesafe.akka#akka-actor_2.11;2.4.0->com.typesafe#config;1.3.0 [compile->runtime(*)]
== resolving dependencies com.typesafe.akka#akka-actor_2.11;2.4.0->com.typesafe#config;1.3.0 [compile->compile]
== resolving dependencies com.typesafe.akka#akka-actor_2.11;2.4.0->org.scala-lang#scala-library;2.11.7 [runtime->runtime(*)]
== resolving dependencies com.typesafe.akka#akka-actor_2.11;2.4.0->org.scala-lang#scala-library;2.11.7 [runtime->compile]
== resolving dependencies com.typesafe.akka#akka-actor_2.11;2.4.0->com.typesafe#config;1.3.0 [runtime->runtime(*)]
== resolving dependencies com.typesafe.akka#akka-actor_2.11;2.4.0->com.typesafe#config;1.3.0 [runtime->compile]
== resolving dependencies default#hello-akka_2.11;1.0->com.typesafe.akka#akka-actor_2.11;2.4.0 [compile->master]
== resolving dependencies default#hello-akka_2.11;1.0->com.typesafe.akka#akka-testkit_2.11;2.4.0 [compile->default(compile)]
Read from stdout: Resolving com.typesafe.akka#akka-testkit_2.11;2.4.0 ...
Resolving com.typesafe.akka#akka-testkit_2.11;2.4.0 ...
sbt-chain: Checking cache for: dependency: com.typesafe.akka#akka-testkit_2.11;2.4.0 {compile=[default(compile)]}
sbt-chain: module revision found in cache: com.typesafe.akka#akka-testkit_2.11;2.4.0
	found com.typesafe.akka#akka-testkit_2.11;2.4.0 in sbt-chain
== resolving dependencies default#hello-akka_2.11;1.0->com.typesafe.akka#akka-testkit_2.11;2.4.0 [compile->runtime]
== resolving dependencies default#hello-akka_2.11;1.0->com.typesafe.akka#akka-testkit_2.11;2.4.0 [compile->compile]
== resolving dependencies com.typesafe.akka#akka-testkit_2.11;2.4.0->org.scala-lang#scala-library;2.11.7 [compile->master(compile)]
== resolving dependencies com.typesafe.akka#akka-testkit_2.11;2.4.0->org.scala-lang#scala-library;2.11.7 [compile->compile(*)]
== resolving dependencies com.typesafe.akka#akka-testkit_2.11;2.4.0->com.typesafe.akka#akka-actor_2.11;2.4.0 [compile->master(compile)]
== resolving dependencies com.typesafe.akka#akka-testkit_2.11;2.4.0->com.typesafe.akka#akka-actor_2.11;2.4.0 [compile->compile(*)]
== resolving dependencies com.typesafe.akka#akka-testkit_2.11;2.4.0->com.typesafe.akka#akka-actor_2.11;2.4.0 [compile->runtime(*)]
== resolving dependencies com.typesafe.akka#akka-testkit_2.11;2.4.0->com.typesafe.akka#akka-actor_2.11;2.4.0 [compile->compile]
== resolving dependencies com.typesafe.akka#akka-testkit_2.11;2.4.0->org.scala-lang#scala-library;2.11.7 [runtime->runtime(*)]
== resolving dependencies com.typesafe.akka#akka-testkit_2.11;2.4.0->org.scala-lang#scala-library;2.11.7 [runtime->compile]
== resolving dependencies com.typesafe.akka#akka-testkit_2.11;2.4.0->com.typesafe.akka#akka-actor_2.11;2.4.0 [runtime->runtime(*)]
== resolving dependencies com.typesafe.akka#akka-testkit_2.11;2.4.0->com.typesafe.akka#akka-actor_2.11;2.4.0 [runtime->compile]
== resolving dependencies default#hello-akka_2.11;1.0->com.typesafe.akka#akka-testkit_2.11;2.4.0 [compile->master]
resolving dependencies for configuration 'runtime'
== resolving dependencies for default#hello-akka_2.11;1.0 [runtime]
== resolving dependencies for default#hello-akka_2.11;1.0 [compile]
== resolving dependencies default#hello-akka_2.11;1.0->org.scala-lang#scala-library;2.11.6 [compile->default(compile)]
== resolving dependencies default#hello-akka_2.11;1.0->org.scala-lang#scala-library;2.11.6 [compile->runtime]
== resolving dependencies default#hello-akka_2.11;1.0->org.scala-lang#scala-library;2.11.6 [compile->compile]
== resolving dependencies default#hello-akka_2.11;1.0->org.scala-lang#scala-library;2.11.6 [compile->master]
== resolving dependencies default#hello-akka_2.11;1.0->com.typesafe.akka#akka-actor_2.11;2.4.0 [compile->default(compile)]
== resolving dependencies default#hello-akka_2.11;1.0->com.typesafe.akka#akka-actor_2.11;2.4.0 [compile->runtime]
== resolving dependencies default#hello-akka_2.11;1.0->com.typesafe.akka#akka-actor_2.11;2.4.0 [compile->compile]
== resolving dependencies com.typesafe.akka#akka-actor_2.11;2.4.0->org.scala-lang#scala-library;2.11.7 [compile->master(compile)]
== resolving dependencies com.typesafe.akka#akka-actor_2.11;2.4.0->org.scala-lang#scala-library;2.11.7 [compile->compile(*)]
== resolving dependencies com.typesafe.akka#akka-actor_2.11;2.4.0->com.typesafe#config;1.3.0 [compile->master(compile)]
== resolving dependencies com.typesafe.akka#akka-actor_2.11;2.4.0->com.typesafe#config;1.3.0 [compile->compile(*)]
== resolving dependencies com.typesafe.akka#akka-actor_2.11;2.4.0->org.scala-lang#scala-library;2.11.7 [runtime->runtime(*)]
== resolving dependencies com.typesafe.akka#akka-actor_2.11;2.4.0->org.scala-lang#scala-library;2.11.7 [runtime->compile]
== resolving dependencies com.typesafe.akka#akka-actor_2.11;2.4.0->com.typesafe#config;1.3.0 [runtime->runtime(*)]
== resolving dependencies com.typesafe.akka#akka-actor_2.11;2.4.0->com.typesafe#config;1.3.0 [runtime->compile]
== resolving dependencies default#hello-akka_2.11;1.0->com.typesafe.akka#akka-actor_2.11;2.4.0 [compile->master]
== resolving dependencies default#hello-akka_2.11;1.0->com.typesafe.akka#akka-testkit_2.11;2.4.0 [compile->default(compile)]
== resolving dependencies default#hello-akka_2.11;1.0->com.typesafe.akka#akka-testkit_2.11;2.4.0 [compile->runtime]
== resolving dependencies default#hello-akka_2.11;1.0->com.typesafe.akka#akka-testkit_2.11;2.4.0 [compile->compile]
== resolving dependencies com.typesafe.akka#akka-testkit_2.11;2.4.0->org.scala-lang#scala-library;2.11.7 [compile->master(compile)]
== resolving dependencies com.typesafe.akka#akka-testkit_2.11;2.4.0->org.scala-lang#scala-library;2.11.7 [compile->compile(*)]
== resolving dependencies com.typesafe.akka#akka-testkit_2.11;2.4.0->com.typesafe.akka#akka-actor_2.11;2.4.0 [compile->master(compile)]
== resolving dependencies com.typesafe.akka#akka-testkit_2.11;2.4.0->com.typesafe.akka#akka-actor_2.11;2.4.0 [compile->compile(*)]
== resolving dependencies com.typesafe.akka#akka-testkit_2.11;2.4.0->org.scala-lang#scala-library;2.11.7 [runtime->runtime(*)]
== resolving dependencies com.typesafe.akka#akka-testkit_2.11;2.4.0->org.scala-lang#scala-library;2.11.7 [runtime->compile]
== resolving dependencies com.typesafe.akka#akka-testkit_2.11;2.4.0->com.typesafe.akka#akka-actor_2.11;2.4.0 [runtime->runtime(*)]
== resolving dependencies com.typesafe.akka#akka-testkit_2.11;2.4.0->com.typesafe.akka#akka-actor_2.11;2.4.0 [runtime->compile]
== resolving dependencies default#hello-akka_2.11;1.0->com.typesafe.akka#akka-testkit_2.11;2.4.0 [compile->master]
resolving dependencies for configuration 'test'
== resolving dependencies for default#hello-akka_2.11;1.0 [test]
== resolving dependencies for default#hello-akka_2.11;1.0 [runtime]
== resolving dependencies for default#hello-akka_2.11;1.0 [compile]
== resolving dependencies default#hello-akka_2.11;1.0->org.scala-lang#scala-library;2.11.6 [compile->default(compile)]
== resolving dependencies default#hello-akka_2.11;1.0->org.scala-lang#scala-library;2.11.6 [compile->runtime]
== resolving dependencies default#hello-akka_2.11;1.0->org.scala-lang#scala-library;2.11.6 [compile->compile]
== resolving dependencies default#hello-akka_2.11;1.0->org.scala-lang#scala-library;2.11.6 [compile->master]
== resolving dependencies default#hello-akka_2.11;1.0->com.typesafe.akka#akka-actor_2.11;2.4.0 [compile->default(compile)]
== resolving dependencies default#hello-akka_2.11;1.0->com.typesafe.akka#akka-actor_2.11;2.4.0 [compile->runtime]
== resolving dependencies default#hello-akka_2.11;1.0->com.typesafe.akka#akka-actor_2.11;2.4.0 [compile->compile]
== resolving dependencies com.typesafe.akka#akka-actor_2.11;2.4.0->org.scala-lang#scala-library;2.11.7 [compile->master(compile)]
== resolving dependencies com.typesafe.akka#akka-actor_2.11;2.4.0->org.scala-lang#scala-library;2.11.7 [compile->compile(*)]
== resolving dependencies com.typesafe.akka#akka-actor_2.11;2.4.0->com.typesafe#config;1.3.0 [compile->master(compile)]
== resolving dependencies com.typesafe.akka#akka-actor_2.11;2.4.0->com.typesafe#config;1.3.0 [compile->compile(*)]
== resolving dependencies com.typesafe.akka#akka-actor_2.11;2.4.0->org.scala-lang#scala-library;2.11.7 [runtime->runtime(*)]
== resolving dependencies com.typesafe.akka#akka-actor_2.11;2.4.0->org.scala-lang#scala-library;2.11.7 [runtime->compile]
== resolving dependencies com.typesafe.akka#akka-actor_2.11;2.4.0->com.typesafe#config;1.3.0 [runtime->runtime(*)]
== resolving dependencies com.typesafe.akka#akka-actor_2.11;2.4.0->com.typesafe#config;1.3.0 [runtime->compile]
== resolving dependencies default#hello-akka_2.11;1.0->com.typesafe.akka#akka-actor_2.11;2.4.0 [compile->master]
== resolving dependencies default#hello-akka_2.11;1.0->com.typesafe.akka#akka-testkit_2.11;2.4.0 [compile->default(compile)]
== resolving dependencies default#hello-akka_2.11;1.0->com.typesafe.akka#akka-testkit_2.11;2.4.0 [compile->runtime]
== resolving dependencies default#hello-akka_2.11;1.0->com.typesafe.akka#akka-testkit_2.11;2.4.0 [compile->compile]
== resolving dependencies com.typesafe.akka#akka-testkit_2.11;2.4.0->org.scala-lang#scala-library;2.11.7 [compile->master(compile)]
== resolving dependencies com.typesafe.akka#akka-testkit_2.11;2.4.0->org.scala-lang#scala-library;2.11.7 [compile->compile(*)]
== resolving dependencies com.typesafe.akka#akka-testkit_2.11;2.4.0->com.typesafe.akka#akka-actor_2.11;2.4.0 [compile->master(compile)]
== resolving dependencies com.typesafe.akka#akka-testkit_2.11;2.4.0->com.typesafe.akka#akka-actor_2.11;2.4.0 [compile->compile(*)]
== resolving dependencies com.typesafe.akka#akka-testkit_2.11;2.4.0->org.scala-lang#scala-library;2.11.7 [runtime->runtime(*)]
== resolving dependencies com.typesafe.akka#akka-testkit_2.11;2.4.0->org.scala-lang#scala-library;2.11.7 [runtime->compile]
== resolving dependencies com.typesafe.akka#akka-testkit_2.11;2.4.0->com.typesafe.akka#akka-actor_2.11;2.4.0 [runtime->runtime(*)]
== resolving dependencies com.typesafe.akka#akka-testkit_2.11;2.4.0->com.typesafe.akka#akka-actor_2.11;2.4.0 [runtime->compile]
== resolving dependencies default#hello-akka_2.11;1.0->com.typesafe.akka#akka-testkit_2.11;2.4.0 [compile->master]
== resolving dependencies default#hello-akka_2.11;1.0->org.scalatest#scalatest_2.11;2.2.4 [test->default(compile)]
Read from stdout: Resolving org.scalatest#scalatest_2.11;2.2.4 ...
Resolving org.scalatest#scalatest_2.11;2.2.4 ...
sbt-chain: Checking cache for: dependency: org.scalatest#scalatest_2.11;2.2.4 {test=[default(compile)]}
sbt-chain: module revision found in cache: org.scalatest#scalatest_2.11;2.2.4
	found org.scalatest#scalatest_2.11;2.2.4 in sbt-chain
== resolving dependencies default#hello-akka_2.11;1.0->org.scalatest#scalatest_2.11;2.2.4 [test->runtime]
== resolving dependencies default#hello-akka_2.11;1.0->org.scalatest#scalatest_2.11;2.2.4 [test->compile]
== resolving dependencies org.scalatest#scalatest_2.11;2.2.4->org.scala-lang#scala-library;2.11.2 [compile->master(compile)]
== resolving dependencies org.scalatest#scalatest_2.11;2.2.4->org.scala-lang#scala-library;2.11.7 [compile->master(compile)]
== resolving dependencies org.scalatest#scalatest_2.11;2.2.4->org.scala-lang#scala-library;2.11.2 [compile->compile(*)]
== resolving dependencies org.scalatest#scalatest_2.11;2.2.4->org.scala-lang#scala-library;2.11.7 [compile->compile(*)]
== resolving dependencies org.scalatest#scalatest_2.11;2.2.4->org.scala-lang#scala-reflect;2.11.2 [compile->master(compile)]
Read from stdout: Resolving org.scala-lang#scala-reflect;2.11.2 ...
Resolving org.scala-lang#scala-reflect;2.11.2 ...
sbt-chain: Checking cache for: dependency: org.scala-lang#scala-reflect;2.11.2 {compile=[compile(*), master(compile)], runtime=[runtime(*)]}
sbt-chain: module revision found in cache: org.scala-lang#scala-reflect;2.11.2
	found org.scala-lang#scala-reflect;2.11.2 in sbt-chain
	[2.11.2] org.scala-lang#scala-reflect;2.11.2
== resolving dependencies org.scalatest#scalatest_2.11;2.2.4->org.scala-lang#scala-reflect;2.11.2 [compile->compile(*)]
== resolving dependencies org.scala-lang#scala-reflect;2.11.2->org.scala-lang#scala-library;2.11.2 [compile->master(compile)]
== resolving dependencies org.scala-lang#scala-reflect;2.11.2->org.scala-lang#scala-library;2.11.7 [compile->master(compile)]
== resolving dependencies org.scala-lang#scala-reflect;2.11.2->org.scala-lang#scala-library;2.11.2 [compile->compile(*)]
== resolving dependencies org.scala-lang#scala-reflect;2.11.2->org.scala-lang#scala-library;2.11.7 [compile->compile(*)]
== resolving dependencies org.scalatest#scalatest_2.11;2.2.4->org.scala-lang#scala-reflect;2.11.2 [compile->runtime(*)]
== resolving dependencies org.scalatest#scalatest_2.11;2.2.4->org.scala-lang#scala-reflect;2.11.2 [compile->compile]
== resolving dependencies org.scala-lang#scala-reflect;2.11.2->org.scala-lang#scala-library;2.11.2 [runtime->runtime(*)]
== resolving dependencies org.scala-lang#scala-reflect;2.11.2->org.scala-lang#scala-library;2.11.7 [runtime->runtime(*)]
== resolving dependencies org.scala-lang#scala-reflect;2.11.2->org.scala-lang#scala-library;2.11.7 [runtime->compile]
== resolving dependencies org.scalatest#scalatest_2.11;2.2.4->org.scala-lang.modules#scala-xml_2.11;1.0.2 [compile->master(compile)]
Read from stdout: Resolving org.scala-lang.modules#scala-xml_2.11;1.0.2 ...
Resolving org.scala-lang.modules#scala-xml_2.11;1.0.2 ...
sbt-chain: Checking cache for: dependency: org.scala-lang.modules#scala-xml_2.11;1.0.2 {compile=[compile(*), master(compile)], runtime=[runtime(*)]}
sbt-chain: module revision found in cache: org.scala-lang.modules#scala-xml_2.11;1.0.2
	found org.scala-lang.modules#scala-xml_2.11;1.0.2 in sbt-chain
== resolving dependencies org.scalatest#scalatest_2.11;2.2.4->org.scala-lang.modules#scala-xml_2.11;1.0.2 [compile->compile(*)]
== resolving dependencies org.scala-lang.modules#scala-xml_2.11;1.0.2->org.scala-lang#scala-library;2.11.1 [compile->master(compile)]
== resolving dependencies org.scala-lang.modules#scala-xml_2.11;1.0.2->org.scala-lang#scala-library;2.11.1 [compile->compile(*)]
== resolving dependencies org.scala-lang.modules#scala-xml_2.11;1.0.2->org.scala-lang#scala-library;2.11.7 [compile->compile(*)]
== resolving dependencies org.scalatest#scalatest_2.11;2.2.4->org.scala-lang.modules#scala-xml_2.11;1.0.2 [compile->runtime(*)]
== resolving dependencies org.scalatest#scalatest_2.11;2.2.4->org.scala-lang.modules#scala-xml_2.11;1.0.2 [compile->compile]
== resolving dependencies org.scala-lang.modules#scala-xml_2.11;1.0.2->org.scala-lang#scala-library;2.11.1 [runtime->runtime(*)]
== resolving dependencies org.scala-lang.modules#scala-xml_2.11;1.0.2->org.scala-lang#scala-library;2.11.7 [runtime->runtime(*)]
== resolving dependencies org.scala-lang.modules#scala-xml_2.11;1.0.2->org.scala-lang#scala-library;2.11.7 [runtime->compile]
== resolving dependencies org.scalatest#scalatest_2.11;2.2.4->org.scala-lang#scala-library;2.11.2 [runtime->runtime(*)]
== resolving dependencies org.scalatest#scalatest_2.11;2.2.4->org.scala-lang#scala-library;2.11.7 [runtime->runtime(*)]
== resolving dependencies org.scalatest#scalatest_2.11;2.2.4->org.scala-lang#scala-library;2.11.7 [runtime->compile]
== resolving dependencies org.scalatest#scalatest_2.11;2.2.4->org.scala-lang#scala-reflect;2.11.2 [runtime->runtime(*)]
== resolving dependencies org.scalatest#scalatest_2.11;2.2.4->org.scala-lang#scala-reflect;2.11.2 [runtime->compile]
== resolving dependencies org.scalatest#scalatest_2.11;2.2.4->org.scala-lang.modules#scala-xml_2.11;1.0.2 [runtime->runtime(*)]
== resolving dependencies org.scalatest#scalatest_2.11;2.2.4->org.scala-lang.modules#scala-xml_2.11;1.0.2 [runtime->compile]
== resolving dependencies default#hello-akka_2.11;1.0->org.scalatest#scalatest_2.11;2.2.4 [test->master]
== resolving dependencies default#hello-akka_2.11;1.0->junit#junit;4.12 [test->default(compile)]
Read from stdout: Resolving junit#junit;4.12 ...
Resolving junit#junit;4.12 ...
sbt-chain: Checking cache for: dependency: junit#junit;4.12 {test=[default(compile)]}
sbt-chain: module revision found in cache: junit#junit;4.12
	found junit#junit;4.12 in sbt-chain
== resolving dependencies default#hello-akka_2.11;1.0->junit#junit;4.12 [test->runtime]
== resolving dependencies default#hello-akka_2.11;1.0->junit#junit;4.12 [test->compile]
== resolving dependencies junit#junit;4.12->org.hamcrest#hamcrest-core;1.3 [compile->master(compile)]
Read from stdout: Resolving org.hamcrest#hamcrest-core;1.3 ...
Resolving org.hamcrest#hamcrest-core;1.3 ...
sbt-chain: Checking cache for: dependency: org.hamcrest#hamcrest-core;1.3 {compile=[compile(*), master(compile)], runtime=[runtime(*)]}
sbt-chain: module revision found in cache: org.hamcrest#hamcrest-core;1.3
	found org.hamcrest#hamcrest-core;1.3 in sbt-chain
== resolving dependencies junit#junit;4.12->org.hamcrest#hamcrest-core;1.3 [compile->compile(*)]
== resolving dependencies junit#junit;4.12->org.hamcrest#hamcrest-core;1.3 [compile->runtime(*)]
== resolving dependencies junit#junit;4.12->org.hamcrest#hamcrest-core;1.3 [compile->compile]
== resolving dependencies junit#junit;4.12->org.hamcrest#hamcrest-core;1.3 [runtime->runtime(*)]
== resolving dependencies junit#junit;4.12->org.hamcrest#hamcrest-core;1.3 [runtime->compile]
== resolving dependencies default#hello-akka_2.11;1.0->junit#junit;4.12 [test->master]
== resolving dependencies default#hello-akka_2.11;1.0->com.novocode#junit-interface;0.11 [test->default(compile)]
Read from stdout: Resolving com.novocode#junit-interface;0.11 ...
Resolving com.novocode#junit-interface;0.11 ...
sbt-chain: Checking cache for: dependency: com.novocode#junit-interface;0.11 {test=[default(compile)]}
sbt-chain: module revision found in cache: com.novocode#junit-interface;0.11
	found com.novocode#junit-interface;0.11 in sbt-chain
== resolving dependencies default#hello-akka_2.11;1.0->com.novocode#junit-interface;0.11 [test->runtime]
== resolving dependencies default#hello-akka_2.11;1.0->com.novocode#junit-interface;0.11 [test->compile]
== resolving dependencies com.novocode#junit-interface;0.11->junit#junit;4.11 [compile->master(compile)]
== resolving dependencies com.novocode#junit-interface;0.11->junit#junit;4.12 [compile->master(compile)]
== resolving dependencies com.novocode#junit-interface;0.11->junit#junit;4.11 [compile->compile(*)]
== resolving dependencies com.novocode#junit-interface;0.11->junit#junit;4.12 [compile->compile(*)]
== resolving dependencies com.novocode#junit-interface;0.11->org.scala-sbt#test-interface;1.0 [compile->master(compile)]
Read from stdout: Resolving org.scala-sbt#test-interface;1.0 ...
Resolving org.scala-sbt#test-interface;1.0 ...
sbt-chain: Checking cache for: dependency: org.scala-sbt#test-interface;1.0 {compile=[compile(*), master(compile)], runtime=[runtime(*)]}
sbt-chain: module revision found in cache: org.scala-sbt#test-interface;1.0
	found org.scala-sbt#test-interface;1.0 in sbt-chain
== resolving dependencies com.novocode#junit-interface;0.11->org.scala-sbt#test-interface;1.0 [compile->compile(*)]
== resolving dependencies com.novocode#junit-interface;0.11->org.scala-sbt#test-interface;1.0 [compile->runtime(*)]
== resolving dependencies com.novocode#junit-interface;0.11->org.scala-sbt#test-interface;1.0 [compile->compile]
== resolving dependencies com.novocode#junit-interface;0.11->junit#junit;4.11 [runtime->runtime(*)]
== resolving dependencies com.novocode#junit-interface;0.11->junit#junit;4.12 [runtime->runtime(*)]
== resolving dependencies com.novocode#junit-interface;0.11->junit#junit;4.12 [runtime->compile]
== resolving dependencies com.novocode#junit-interface;0.11->org.scala-sbt#test-interface;1.0 [runtime->runtime(*)]
== resolving dependencies com.novocode#junit-interface;0.11->org.scala-sbt#test-interface;1.0 [runtime->compile]
== resolving dependencies default#hello-akka_2.11;1.0->com.novocode#junit-interface;0.11 [test->master]
resolving dependencies for configuration 'provided'
== resolving dependencies for default#hello-akka_2.11;1.0 [provided]
resolving dependencies for configuration 'optional'
== resolving dependencies for default#hello-akka_2.11;1.0 [optional]
resolving dependencies for configuration 'compile-internal'
== resolving dependencies for default#hello-akka_2.11;1.0 [compile-internal]
== resolving dependencies for default#hello-akka_2.11;1.0 [compile]
== resolving dependencies default#hello-akka_2.11;1.0->org.scala-lang#scala-library;2.11.6 [compile->default(compile)]
== resolving dependencies default#hello-akka_2.11;1.0->org.scala-lang#scala-library;2.11.6 [compile->runtime]
== resolving dependencies default#hello-akka_2.11;1.0->org.scala-lang#scala-library;2.11.6 [compile->compile]
== resolving dependencies default#hello-akka_2.11;1.0->org.scala-lang#scala-library;2.11.6 [compile->master]
== resolving dependencies default#hello-akka_2.11;1.0->com.typesafe.akka#akka-actor_2.11;2.4.0 [compile->default(compile)]
== resolving dependencies default#hello-akka_2.11;1.0->com.typesafe.akka#akka-actor_2.11;2.4.0 [compile->runtime]
== resolving dependencies default#hello-akka_2.11;1.0->com.typesafe.akka#akka-actor_2.11;2.4.0 [compile->compile]
== resolving dependencies com.typesafe.akka#akka-actor_2.11;2.4.0->org.scala-lang#scala-library;2.11.7 [compile->master(compile)]
== resolving dependencies com.typesafe.akka#akka-actor_2.11;2.4.0->org.scala-lang#scala-library;2.11.7 [compile->compile(*)]
== resolving dependencies com.typesafe.akka#akka-actor_2.11;2.4.0->com.typesafe#config;1.3.0 [compile->master(compile)]
== resolving dependencies com.typesafe.akka#akka-actor_2.11;2.4.0->com.typesafe#config;1.3.0 [compile->compile(*)]
== resolving dependencies com.typesafe.akka#akka-actor_2.11;2.4.0->org.scala-lang#scala-library;2.11.7 [runtime->runtime(*)]
== resolving dependencies com.typesafe.akka#akka-actor_2.11;2.4.0->org.scala-lang#scala-library;2.11.7 [runtime->compile]
== resolving dependencies com.typesafe.akka#akka-actor_2.11;2.4.0->com.typesafe#config;1.3.0 [runtime->runtime(*)]
== resolving dependencies com.typesafe.akka#akka-actor_2.11;2.4.0->com.typesafe#config;1.3.0 [runtime->compile]
== resolving dependencies default#hello-akka_2.11;1.0->com.typesafe.akka#akka-actor_2.11;2.4.0 [compile->master]
== resolving dependencies default#hello-akka_2.11;1.0->com.typesafe.akka#akka-testkit_2.11;2.4.0 [compile->default(compile)]
== resolving dependencies default#hello-akka_2.11;1.0->com.typesafe.akka#akka-testkit_2.11;2.4.0 [compile->runtime]
== resolving dependencies default#hello-akka_2.11;1.0->com.typesafe.akka#akka-testkit_2.11;2.4.0 [compile->compile]
== resolving dependencies com.typesafe.akka#akka-testkit_2.11;2.4.0->org.scala-lang#scala-library;2.11.7 [compile->master(compile)]
== resolving dependencies com.typesafe.akka#akka-testkit_2.11;2.4.0->org.scala-lang#scala-library;2.11.7 [compile->compile(*)]
== resolving dependencies com.typesafe.akka#akka-testkit_2.11;2.4.0->com.typesafe.akka#akka-actor_2.11;2.4.0 [compile->master(compile)]
== resolving dependencies com.typesafe.akka#akka-testkit_2.11;2.4.0->com.typesafe.akka#akka-actor_2.11;2.4.0 [compile->compile(*)]
== resolving dependencies com.typesafe.akka#akka-testkit_2.11;2.4.0->org.scala-lang#scala-library;2.11.7 [runtime->runtime(*)]
== resolving dependencies com.typesafe.akka#akka-testkit_2.11;2.4.0->org.scala-lang#scala-library;2.11.7 [runtime->compile]
== resolving dependencies com.typesafe.akka#akka-testkit_2.11;2.4.0->com.typesafe.akka#akka-actor_2.11;2.4.0 [runtime->runtime(*)]
== resolving dependencies com.typesafe.akka#akka-testkit_2.11;2.4.0->com.typesafe.akka#akka-actor_2.11;2.4.0 [runtime->compile]
== resolving dependencies default#hello-akka_2.11;1.0->com.typesafe.akka#akka-testkit_2.11;2.4.0 [compile->master]
== resolving dependencies for default#hello-akka_2.11;1.0 [optional]
== resolving dependencies for default#hello-akka_2.11;1.0 [provided]
resolving dependencies for configuration 'runtime-internal'
== resolving dependencies for default#hello-akka_2.11;1.0 [runtime-internal]
== resolving dependencies for default#hello-akka_2.11;1.0 [runtime]
== resolving dependencies for default#hello-akka_2.11;1.0 [compile]
== resolving dependencies default#hello-akka_2.11;1.0->org.scala-lang#scala-library;2.11.6 [compile->default(compile)]
== resolving dependencies default#hello-akka_2.11;1.0->org.scala-lang#scala-library;2.11.6 [compile->runtime]
== resolving dependencies default#hello-akka_2.11;1.0->org.scala-lang#scala-library;2.11.6 [compile->compile]
== resolving dependencies default#hello-akka_2.11;1.0->org.scala-lang#scala-library;2.11.6 [compile->master]
== resolving dependencies default#hello-akka_2.11;1.0->com.typesafe.akka#akka-actor_2.11;2.4.0 [compile->default(compile)]
== resolving dependencies default#hello-akka_2.11;1.0->com.typesafe.akka#akka-actor_2.11;2.4.0 [compile->runtime]
== resolving dependencies default#hello-akka_2.11;1.0->com.typesafe.akka#akka-actor_2.11;2.4.0 [compile->compile]
== resolving dependencies com.typesafe.akka#akka-actor_2.11;2.4.0->org.scala-lang#scala-library;2.11.7 [compile->master(compile)]
== resolving dependencies com.typesafe.akka#akka-actor_2.11;2.4.0->org.scala-lang#scala-library;2.11.7 [compile->compile(*)]
== resolving dependencies com.typesafe.akka#akka-actor_2.11;2.4.0->com.typesafe#config;1.3.0 [compile->master(compile)]
== resolving dependencies com.typesafe.akka#akka-actor_2.11;2.4.0->com.typesafe#config;1.3.0 [compile->compile(*)]
== resolving dependencies com.typesafe.akka#akka-actor_2.11;2.4.0->org.scala-lang#scala-library;2.11.7 [runtime->runtime(*)]
== resolving dependencies com.typesafe.akka#akka-actor_2.11;2.4.0->org.scala-lang#scala-library;2.11.7 [runtime->compile]
== resolving dependencies com.typesafe.akka#akka-actor_2.11;2.4.0->com.typesafe#config;1.3.0 [runtime->runtime(*)]
== resolving dependencies com.typesafe.akka#akka-actor_2.11;2.4.0->com.typesafe#config;1.3.0 [runtime->compile]
== resolving dependencies default#hello-akka_2.11;1.0->com.typesafe.akka#akka-actor_2.11;2.4.0 [compile->master]
== resolving dependencies default#hello-akka_2.11;1.0->com.typesafe.akka#akka-testkit_2.11;2.4.0 [compile->default(compile)]
== resolving dependencies default#hello-akka_2.11;1.0->com.typesafe.akka#akka-testkit_2.11;2.4.0 [compile->runtime]
== resolving dependencies default#hello-akka_2.11;1.0->com.typesafe.akka#akka-testkit_2.11;2.4.0 [compile->compile]
== resolving dependencies com.typesafe.akka#akka-testkit_2.11;2.4.0->org.scala-lang#scala-library;2.11.7 [compile->master(compile)]
== resolving dependencies com.typesafe.akka#akka-testkit_2.11;2.4.0->org.scala-lang#scala-library;2.11.7 [compile->compile(*)]
== resolving dependencies com.typesafe.akka#akka-testkit_2.11;2.4.0->com.typesafe.akka#akka-actor_2.11;2.4.0 [compile->master(compile)]
== resolving dependencies com.typesafe.akka#akka-testkit_2.11;2.4.0->com.typesafe.akka#akka-actor_2.11;2.4.0 [compile->compile(*)]
== resolving dependencies com.typesafe.akka#akka-testkit_2.11;2.4.0->org.scala-lang#scala-library;2.11.7 [runtime->runtime(*)]
== resolving dependencies com.typesafe.akka#akka-testkit_2.11;2.4.0->org.scala-lang#scala-library;2.11.7 [runtime->compile]
== resolving dependencies com.typesafe.akka#akka-testkit_2.11;2.4.0->com.typesafe.akka#akka-actor_2.11;2.4.0 [runtime->runtime(*)]
== resolving dependencies com.typesafe.akka#akka-testkit_2.11;2.4.0->com.typesafe.akka#akka-actor_2.11;2.4.0 [runtime->compile]
== resolving dependencies default#hello-akka_2.11;1.0->com.typesafe.akka#akka-testkit_2.11;2.4.0 [compile->master]
== resolving dependencies for default#hello-akka_2.11;1.0 [optional]
resolving dependencies for configuration 'test-internal'
== resolving dependencies for default#hello-akka_2.11;1.0 [test-internal]
== resolving dependencies for default#hello-akka_2.11;1.0 [test]
== resolving dependencies for default#hello-akka_2.11;1.0 [runtime]
== resolving dependencies for default#hello-akka_2.11;1.0 [compile]
== resolving dependencies default#hello-akka_2.11;1.0->org.scala-lang#scala-library;2.11.6 [compile->default(compile)]
== resolving dependencies default#hello-akka_2.11;1.0->org.scala-lang#scala-library;2.11.6 [compile->runtime]
== resolving dependencies default#hello-akka_2.11;1.0->org.scala-lang#scala-library;2.11.6 [compile->compile]
== resolving dependencies default#hello-akka_2.11;1.0->org.scala-lang#scala-library;2.11.6 [compile->master]
== resolving dependencies default#hello-akka_2.11;1.0->com.typesafe.akka#akka-actor_2.11;2.4.0 [compile->default(compile)]
== resolving dependencies default#hello-akka_2.11;1.0->com.typesafe.akka#akka-actor_2.11;2.4.0 [compile->runtime]
== resolving dependencies default#hello-akka_2.11;1.0->com.typesafe.akka#akka-actor_2.11;2.4.0 [compile->compile]
== resolving dependencies com.typesafe.akka#akka-actor_2.11;2.4.0->org.scala-lang#scala-library;2.11.7 [compile->master(compile)]
== resolving dependencies com.typesafe.akka#akka-actor_2.11;2.4.0->org.scala-lang#scala-library;2.11.7 [compile->compile(*)]
== resolving dependencies com.typesafe.akka#akka-actor_2.11;2.4.0->com.typesafe#config;1.3.0 [compile->master(compile)]
== resolving dependencies com.typesafe.akka#akka-actor_2.11;2.4.0->com.typesafe#config;1.3.0 [compile->compile(*)]
== resolving dependencies com.typesafe.akka#akka-actor_2.11;2.4.0->org.scala-lang#scala-library;2.11.7 [runtime->runtime(*)]
== resolving dependencies com.typesafe.akka#akka-actor_2.11;2.4.0->org.scala-lang#scala-library;2.11.7 [runtime->compile]
== resolving dependencies com.typesafe.akka#akka-actor_2.11;2.4.0->com.typesafe#config;1.3.0 [runtime->runtime(*)]
== resolving dependencies com.typesafe.akka#akka-actor_2.11;2.4.0->com.typesafe#config;1.3.0 [runtime->compile]
== resolving dependencies default#hello-akka_2.11;1.0->com.typesafe.akka#akka-actor_2.11;2.4.0 [compile->master]
== resolving dependencies default#hello-akka_2.11;1.0->com.typesafe.akka#akka-testkit_2.11;2.4.0 [compile->default(compile)]
== resolving dependencies default#hello-akka_2.11;1.0->com.typesafe.akka#akka-testkit_2.11;2.4.0 [compile->runtime]
== resolving dependencies default#hello-akka_2.11;1.0->com.typesafe.akka#akka-testkit_2.11;2.4.0 [compile->compile]
== resolving dependencies com.typesafe.akka#akka-testkit_2.11;2.4.0->org.scala-lang#scala-library;2.11.7 [compile->master(compile)]
== resolving dependencies com.typesafe.akka#akka-testkit_2.11;2.4.0->org.scala-lang#scala-library;2.11.7 [compile->compile(*)]
== resolving dependencies com.typesafe.akka#akka-testkit_2.11;2.4.0->com.typesafe.akka#akka-actor_2.11;2.4.0 [compile->master(compile)]
== resolving dependencies com.typesafe.akka#akka-testkit_2.11;2.4.0->com.typesafe.akka#akka-actor_2.11;2.4.0 [compile->compile(*)]
== resolving dependencies com.typesafe.akka#akka-testkit_2.11;2.4.0->org.scala-lang#scala-library;2.11.7 [runtime->runtime(*)]
== resolving dependencies com.typesafe.akka#akka-testkit_2.11;2.4.0->org.scala-lang#scala-library;2.11.7 [runtime->compile]
== resolving dependencies com.typesafe.akka#akka-testkit_2.11;2.4.0->com.typesafe.akka#akka-actor_2.11;2.4.0 [runtime->runtime(*)]
== resolving dependencies com.typesafe.akka#akka-testkit_2.11;2.4.0->com.typesafe.akka#akka-actor_2.11;2.4.0 [runtime->compile]
== resolving dependencies default#hello-akka_2.11;1.0->com.typesafe.akka#akka-testkit_2.11;2.4.0 [compile->master]
== resolving dependencies default#hello-akka_2.11;1.0->org.scalatest#scalatest_2.11;2.2.4 [test->default(compile)]
== resolving dependencies default#hello-akka_2.11;1.0->org.scalatest#scalatest_2.11;2.2.4 [test->runtime]
== resolving dependencies default#hello-akka_2.11;1.0->org.scalatest#scalatest_2.11;2.2.4 [test->compile]
== resolving dependencies org.scalatest#scalatest_2.11;2.2.4->org.scala-lang#scala-library;2.11.2 [compile->master(compile)]
== resolving dependencies org.scalatest#scalatest_2.11;2.2.4->org.scala-lang#scala-library;2.11.7 [compile->master(compile)]
== resolving dependencies org.scalatest#scalatest_2.11;2.2.4->org.scala-lang#scala-library;2.11.2 [compile->compile(*)]
== resolving dependencies org.scalatest#scalatest_2.11;2.2.4->org.scala-lang#scala-library;2.11.7 [compile->compile(*)]
== resolving dependencies org.scalatest#scalatest_2.11;2.2.4->org.scala-lang#scala-reflect;2.11.2 [compile->master(compile)]
== resolving dependencies org.scalatest#scalatest_2.11;2.2.4->org.scala-lang#scala-reflect;2.11.2 [compile->compile(*)]
== resolving dependencies org.scala-lang#scala-reflect;2.11.2->org.scala-lang#scala-library;2.11.2 [compile->master(compile)]
== resolving dependencies org.scala-lang#scala-reflect;2.11.2->org.scala-lang#scala-library;2.11.7 [compile->master(compile)]
== resolving dependencies org.scala-lang#scala-reflect;2.11.2->org.scala-lang#scala-library;2.11.2 [compile->compile(*)]
== resolving dependencies org.scala-lang#scala-reflect;2.11.2->org.scala-lang#scala-library;2.11.7 [compile->compile(*)]
== resolving dependencies org.scalatest#scalatest_2.11;2.2.4->org.scala-lang.modules#scala-xml_2.11;1.0.2 [compile->master(compile)]
== resolving dependencies org.scalatest#scalatest_2.11;2.2.4->org.scala-lang.modules#scala-xml_2.11;1.0.2 [compile->compile(*)]
== resolving dependencies org.scala-lang.modules#scala-xml_2.11;1.0.2->org.scala-lang#scala-library;2.11.1 [compile->master(compile)]
== resolving dependencies org.scala-lang.modules#scala-xml_2.11;1.0.2->org.scala-lang#scala-library;2.11.1 [compile->compile(*)]
== resolving dependencies org.scala-lang.modules#scala-xml_2.11;1.0.2->org.scala-lang#scala-library;2.11.7 [compile->compile(*)]
== resolving dependencies org.scalatest#scalatest_2.11;2.2.4->org.scala-lang#scala-library;2.11.2 [runtime->runtime(*)]
== resolving dependencies org.scalatest#scalatest_2.11;2.2.4->org.scala-lang#scala-library;2.11.7 [runtime->runtime(*)]
== resolving dependencies org.scalatest#scalatest_2.11;2.2.4->org.scala-lang#scala-library;2.11.7 [runtime->compile]
== resolving dependencies org.scalatest#scalatest_2.11;2.2.4->org.scala-lang#scala-reflect;2.11.2 [runtime->runtime(*)]
== resolving dependencies org.scalatest#scalatest_2.11;2.2.4->org.scala-lang#scala-reflect;2.11.2 [runtime->compile]
== resolving dependencies org.scala-lang#scala-reflect;2.11.2->org.scala-lang#scala-library;2.11.2 [runtime->runtime(*)]
== resolving dependencies org.scala-lang#scala-reflect;2.11.2->org.scala-lang#scala-library;2.11.7 [runtime->runtime(*)]
== resolving dependencies org.scala-lang#scala-reflect;2.11.2->org.scala-lang#scala-library;2.11.7 [runtime->compile]
== resolving dependencies org.scalatest#scalatest_2.11;2.2.4->org.scala-lang.modules#scala-xml_2.11;1.0.2 [runtime->runtime(*)]
== resolving dependencies org.scalatest#scalatest_2.11;2.2.4->org.scala-lang.modules#scala-xml_2.11;1.0.2 [runtime->compile]
== resolving dependencies org.scala-lang.modules#scala-xml_2.11;1.0.2->org.scala-lang#scala-library;2.11.1 [runtime->runtime(*)]
== resolving dependencies org.scala-lang.modules#scala-xml_2.11;1.0.2->org.scala-lang#scala-library;2.11.7 [runtime->runtime(*)]
== resolving dependencies org.scala-lang.modules#scala-xml_2.11;1.0.2->org.scala-lang#scala-library;2.11.7 [runtime->compile]
== resolving dependencies default#hello-akka_2.11;1.0->org.scalatest#scalatest_2.11;2.2.4 [test->master]
== resolving dependencies default#hello-akka_2.11;1.0->junit#junit;4.12 [test->default(compile)]
== resolving dependencies default#hello-akka_2.11;1.0->junit#junit;4.12 [test->runtime]
== resolving dependencies default#hello-akka_2.11;1.0->junit#junit;4.12 [test->compile]
== resolving dependencies junit#junit;4.12->org.hamcrest#hamcrest-core;1.3 [compile->master(compile)]
== resolving dependencies junit#junit;4.12->org.hamcrest#hamcrest-core;1.3 [compile->compile(*)]
== resolving dependencies junit#junit;4.12->org.hamcrest#hamcrest-core;1.3 [runtime->runtime(*)]
== resolving dependencies junit#junit;4.12->org.hamcrest#hamcrest-core;1.3 [runtime->compile]
== resolving dependencies default#hello-akka_2.11;1.0->junit#junit;4.12 [test->master]
== resolving dependencies default#hello-akka_2.11;1.0->com.novocode#junit-interface;0.11 [test->default(compile)]
== resolving dependencies default#hello-akka_2.11;1.0->com.novocode#junit-interface;0.11 [test->runtime]
== resolving dependencies default#hello-akka_2.11;1.0->com.novocode#junit-interface;0.11 [test->compile]
== resolving dependencies com.novocode#junit-interface;0.11->junit#junit;4.11 [compile->master(compile)]
== resolving dependencies com.novocode#junit-interface;0.11->junit#junit;4.12 [compile->master(compile)]
== resolving dependencies com.novocode#junit-interface;0.11->junit#junit;4.11 [compile->compile(*)]
== resolving dependencies com.novocode#junit-interface;0.11->junit#junit;4.12 [compile->compile(*)]
== resolving dependencies com.novocode#junit-interface;0.11->org.scala-sbt#test-interface;1.0 [compile->master(compile)]
== resolving dependencies com.novocode#junit-interface;0.11->org.scala-sbt#test-interface;1.0 [compile->compile(*)]
== resolving dependencies com.novocode#junit-interface;0.11->junit#junit;4.11 [runtime->runtime(*)]
== resolving dependencies com.novocode#junit-interface;0.11->junit#junit;4.12 [runtime->runtime(*)]
== resolving dependencies com.novocode#junit-interface;0.11->junit#junit;4.12 [runtime->compile]
== resolving dependencies com.novocode#junit-interface;0.11->org.scala-sbt#test-interface;1.0 [runtime->runtime(*)]
== resolving dependencies com.novocode#junit-interface;0.11->org.scala-sbt#test-interface;1.0 [runtime->compile]
== resolving dependencies default#hello-akka_2.11;1.0->com.novocode#junit-interface;0.11 [test->master]
== resolving dependencies for default#hello-akka_2.11;1.0 [optional]
== resolving dependencies for default#hello-akka_2.11;1.0 [provided]
resolving dependencies for configuration 'plugin'
== resolving dependencies for default#hello-akka_2.11;1.0 [plugin]
resolving dependencies for configuration 'sources'
== resolving dependencies for default#hello-akka_2.11;1.0 [sources]
resolving dependencies for configuration 'docs'
== resolving dependencies for default#hello-akka_2.11;1.0 [docs]
resolving dependencies for configuration 'pom'
== resolving dependencies for default#hello-akka_2.11;1.0 [pom]
resolving dependencies for configuration 'scala-tool'
== resolving dependencies for default#hello-akka_2.11;1.0 [scala-tool]
== resolving dependencies default#hello-akka_2.11;1.0->org.scala-lang#scala-compiler;2.11.6 [scala-tool->default]
Read from stdout: Resolving org.scala-lang#scala-compiler;2.11.6 ...
Resolving org.scala-lang#scala-compiler;2.11.6 ...
sbt-chain: Checking cache for: dependency: org.scala-lang#scala-compiler;2.11.6 {scala-tool=[default, optional(default)]}
sbt-chain: module revision found in cache: org.scala-lang#scala-compiler;2.11.6
	found org.scala-lang#scala-compiler;2.11.6 in sbt-chain
== resolving dependencies default#hello-akka_2.11;1.0->org.scala-lang#scala-compiler;2.11.6 [scala-tool->runtime]
== resolving dependencies default#hello-akka_2.11;1.0->org.scala-lang#scala-compiler;2.11.6 [scala-tool->compile]
== resolving dependencies org.scala-lang#scala-compiler;2.11.6->org.scala-lang#scala-library;2.11.6 [compile->master(compile)]
== resolving dependencies org.scala-lang#scala-compiler;2.11.6->org.scala-lang#scala-library;2.11.6 [compile->compile(*)]
== resolving dependencies org.scala-lang#scala-compiler;2.11.6->org.scala-lang#scala-library;2.11.6 [compile->default]
== resolving dependencies org.scala-lang#scala-compiler;2.11.6->org.scala-lang#scala-library;2.11.6 [compile->runtime]
== resolving dependencies org.scala-lang#scala-compiler;2.11.6->org.scala-lang#scala-library;2.11.6 [compile->compile]
== resolving dependencies org.scala-lang#scala-compiler;2.11.6->org.scala-lang#scala-library;2.11.6 [compile->master]
== resolving dependencies org.scala-lang#scala-compiler;2.11.6->org.scala-lang#scala-library;2.11.6 [compile->runtime(*)]
== resolving dependencies org.scala-lang#scala-compiler;2.11.6->org.scala-lang#scala-library;2.11.6 [compile->compile]
== resolving dependencies org.scala-lang#scala-compiler;2.11.6->org.scala-lang#scala-library;2.11.6 [compile->optional(default)]
== resolving dependencies org.scala-lang#scala-compiler;2.11.6->org.scala-lang#scala-reflect;2.11.6 [compile->master(compile)]
Read from stdout: Resolving org.scala-lang#scala-reflect;2.11.6 ...
Resolving org.scala-lang#scala-reflect;2.11.6 ...
sbt-chain: Checking cache for: dependency: org.scala-lang#scala-reflect;2.11.6 {compile=[compile(*), master(compile)], runtime=[runtime(*)]}
sbt-chain: module revision found in cache: org.scala-lang#scala-reflect;2.11.6
	found org.scala-lang#scala-reflect;2.11.6 in sbt-chain
	[2.11.6] org.scala-lang#scala-reflect;2.11.6
== resolving dependencies org.scala-lang#scala-compiler;2.11.6->org.scala-lang#scala-reflect;2.11.6 [compile->compile(*)]
== resolving dependencies org.scala-lang#scala-reflect;2.11.6->org.scala-lang#scala-library;2.11.6 [compile->master(compile)]
== resolving dependencies org.scala-lang#scala-reflect;2.11.6->org.scala-lang#scala-library;2.11.6 [compile->compile(*)]
== resolving dependencies org.scala-lang#scala-compiler;2.11.6->org.scala-lang#scala-reflect;2.11.6 [compile->runtime(*)]
== resolving dependencies org.scala-lang#scala-compiler;2.11.6->org.scala-lang#scala-reflect;2.11.6 [compile->compile]
== resolving dependencies org.scala-lang#scala-reflect;2.11.6->org.scala-lang#scala-library;2.11.6 [runtime->runtime(*)]
== resolving dependencies org.scala-lang#scala-reflect;2.11.6->org.scala-lang#scala-library;2.11.6 [runtime->compile]
== resolving dependencies org.scala-lang#scala-compiler;2.11.6->org.scala-lang.modules#scala-xml_2.11;1.0.3 [compile->master(compile)]
Read from stdout: Resolving org.scala-lang.modules#scala-xml_2.11;1.0.3 ...
Resolving org.scala-lang.modules#scala-xml_2.11;1.0.3 ...
sbt-chain: Checking cache for: dependency: org.scala-lang.modules#scala-xml_2.11;1.0.3 {compile=[compile(*), master(compile)], runtime=[runtime(*)]}
sbt-chain: module revision found in cache: org.scala-lang.modules#scala-xml_2.11;1.0.3
	found org.scala-lang.modules#scala-xml_2.11;1.0.3 in sbt-chain
== resolving dependencies org.scala-lang#scala-compiler;2.11.6->org.scala-lang.modules#scala-xml_2.11;1.0.3 [compile->compile(*)]
== resolving dependencies org.scala-lang.modules#scala-xml_2.11;1.0.3->org.scala-lang#scala-library;2.11.4 [compile->master(compile)]
== resolving dependencies org.scala-lang.modules#scala-xml_2.11;1.0.3->org.scala-lang#scala-library;2.11.6 [compile->master(compile)]
== resolving dependencies org.scala-lang.modules#scala-xml_2.11;1.0.3->org.scala-lang#scala-library;2.11.4 [compile->compile(*)]
== resolving dependencies org.scala-lang.modules#scala-xml_2.11;1.0.3->org.scala-lang#scala-library;2.11.6 [compile->compile(*)]
== resolving dependencies org.scala-lang#scala-compiler;2.11.6->org.scala-lang.modules#scala-xml_2.11;1.0.3 [compile->runtime(*)]
== resolving dependencies org.scala-lang#scala-compiler;2.11.6->org.scala-lang.modules#scala-xml_2.11;1.0.3 [compile->compile]
== resolving dependencies org.scala-lang.modules#scala-xml_2.11;1.0.3->org.scala-lang#scala-library;2.11.4 [runtime->runtime(*)]
== resolving dependencies org.scala-lang.modules#scala-xml_2.11;1.0.3->org.scala-lang#scala-library;2.11.6 [runtime->runtime(*)]
== resolving dependencies org.scala-lang.modules#scala-xml_2.11;1.0.3->org.scala-lang#scala-library;2.11.6 [runtime->compile]
== resolving dependencies org.scala-lang#scala-compiler;2.11.6->org.scala-lang.modules#scala-parser-combinators_2.11;1.0.3 [compile->master(compile)]
Read from stdout: Resolving org.scala-lang.modules#scala-parser-combinators_2.11;1.0.3 ...
Resolving org.scala-lang.modules#scala-parser-combinators_2.11;1.0.3 ...
sbt-chain: Checking cache for: dependency: org.scala-lang.modules#scala-parser-combinators_2.11;1.0.3 {compile=[compile(*), master(compile)], runtime=[runtime(*)]}
sbt-chain: module revision found in cache: org.scala-lang.modules#scala-parser-combinators_2.11;1.0.3
	found org.scala-lang.modules#scala-parser-combinators_2.11;1.0.3 in sbt-chain
== resolving dependencies org.scala-lang#scala-compiler;2.11.6->org.scala-lang.modules#scala-parser-combinators_2.11;1.0.3 [compile->compile(*)]
== resolving dependencies org.scala-lang.modules#scala-parser-combinators_2.11;1.0.3->org.scala-lang#scala-library;2.11.2 [compile->master(compile)]
== resolving dependencies org.scala-lang.modules#scala-parser-combinators_2.11;1.0.3->org.scala-lang#scala-library;2.11.6 [compile->master(compile)]
== resolving dependencies org.scala-lang.modules#scala-parser-combinators_2.11;1.0.3->org.scala-lang#scala-library;2.11.2 [compile->compile(*)]
== resolving dependencies org.scala-lang.modules#scala-parser-combinators_2.11;1.0.3->org.scala-lang#scala-library;2.11.6 [compile->compile(*)]
== resolving dependencies org.scala-lang#scala-compiler;2.11.6->org.scala-lang.modules#scala-parser-combinators_2.11;1.0.3 [compile->runtime(*)]
== resolving dependencies org.scala-lang#scala-compiler;2.11.6->org.scala-lang.modules#scala-parser-combinators_2.11;1.0.3 [compile->compile]
== resolving dependencies org.scala-lang.modules#scala-parser-combinators_2.11;1.0.3->org.scala-lang#scala-library;2.11.2 [runtime->runtime(*)]
== resolving dependencies org.scala-lang.modules#scala-parser-combinators_2.11;1.0.3->org.scala-lang#scala-library;2.11.6 [runtime->runtime(*)]
== resolving dependencies org.scala-lang.modules#scala-parser-combinators_2.11;1.0.3->org.scala-lang#scala-library;2.11.6 [runtime->compile]
== resolving dependencies org.scala-lang#scala-compiler;2.11.6->org.scala-lang#scala-library;2.11.6 [runtime->runtime(*)]
== resolving dependencies org.scala-lang#scala-compiler;2.11.6->org.scala-lang#scala-library;2.11.6 [runtime->compile]
== resolving dependencies org.scala-lang#scala-compiler;2.11.6->org.scala-lang#scala-reflect;2.11.6 [runtime->runtime(*)]
== resolving dependencies org.scala-lang#scala-compiler;2.11.6->org.scala-lang#scala-reflect;2.11.6 [runtime->compile]
== resolving dependencies org.scala-lang#scala-compiler;2.11.6->org.scala-lang.modules#scala-xml_2.11;1.0.3 [runtime->runtime(*)]
== resolving dependencies org.scala-lang#scala-compiler;2.11.6->org.scala-lang.modules#scala-xml_2.11;1.0.3 [runtime->compile]
== resolving dependencies org.scala-lang#scala-compiler;2.11.6->org.scala-lang.modules#scala-parser-combinators_2.11;1.0.3 [runtime->runtime(*)]
== resolving dependencies org.scala-lang#scala-compiler;2.11.6->org.scala-lang.modules#scala-parser-combinators_2.11;1.0.3 [runtime->compile]
== resolving dependencies default#hello-akka_2.11;1.0->org.scala-lang#scala-compiler;2.11.6 [scala-tool->master]
== resolving dependencies default#hello-akka_2.11;1.0->org.scala-lang#scala-compiler;2.11.6 [scala-tool->optional(default)]
== resolving dependencies org.scala-lang#scala-compiler;2.11.6->jline#jline;2.12.1 [optional->master(compile)]
Read from stdout: Resolving jline#jline;2.12.1 ...
Resolving jline#jline;2.12.1 ...
sbt-chain: Checking cache for: dependency: jline#jline;2.12.1 {optional=[compile(*), master(compile)]}
sbt-chain: module revision found in cache: jline#jline;2.12.1
	found jline#jline;2.12.1 in sbt-chain
== resolving dependencies org.scala-lang#scala-compiler;2.11.6->jline#jline;2.12.1 [optional->compile(*)]
== resolving dependencies default#hello-akka_2.11;1.0->org.scala-lang#scala-library;2.11.6 [scala-tool->default]
== resolving dependencies default#hello-akka_2.11;1.0->org.scala-lang#scala-library;2.11.6 [scala-tool->runtime]
== resolving dependencies default#hello-akka_2.11;1.0->org.scala-lang#scala-library;2.11.6 [scala-tool->compile]
== resolving dependencies default#hello-akka_2.11;1.0->org.scala-lang#scala-library;2.11.6 [scala-tool->master]
== resolving dependencies default#hello-akka_2.11;1.0->org.scala-lang#scala-library;2.11.6 [scala-tool->optional(default)]
	resolved ivy file produced in cache
:: downloading artifacts ::
	[NOT REQUIRED] org.scala-lang#scala-library;2.11.6!scala-library.jar
	[NOT REQUIRED] com.typesafe.akka#akka-actor_2.11;2.4.0!akka-actor_2.11.jar
	[NOT REQUIRED] com.typesafe.akka#akka-testkit_2.11;2.4.0!akka-testkit_2.11.jar
	[NOT REQUIRED] org.scala-lang#scala-library;2.11.7!scala-library.jar
	[NOT REQUIRED] com.typesafe#config;1.3.0!config.jar(bundle)
	[NOT REQUIRED] org.scalatest#scalatest_2.11;2.2.4!scalatest_2.11.jar(bundle)
	[NOT REQUIRED] junit#junit;4.12!junit.jar
	[NOT REQUIRED] com.novocode#junit-interface;0.11!junit-interface.jar
	[NOT REQUIRED] org.scala-lang#scala-reflect;2.11.2!scala-reflect.jar
	[NOT REQUIRED] org.scala-lang.modules#scala-xml_2.11;1.0.2!scala-xml_2.11.jar(bundle)
	[NOT REQUIRED] org.hamcrest#hamcrest-core;1.3!hamcrest-core.jar
	[NOT REQUIRED] org.scala-sbt#test-interface;1.0!test-interface.jar
	[NOT REQUIRED] org.scala-lang#scala-compiler;2.11.6!scala-compiler.jar
	[NOT REQUIRED] org.scala-lang#scala-reflect;2.11.6!scala-reflect.jar
	[NOT REQUIRED] org.scala-lang.modules#scala-xml_2.11;1.0.3!scala-xml_2.11.jar(bundle)
	[NOT REQUIRED] org.scala-lang.modules#scala-parser-combinators_2.11;1.0.3!scala-parser-combinators_2.11.jar(bundle)
	[NOT REQUIRED] jline#jline;2.12.1!jline.jar
:: resolution report :: resolve 3090ms :: artifacts dl 106ms
	report for default#hello-akka_2.11;1.0 compile produced in C:\hello-akka\target\resolution-cache\reports\default-hello-akka_2.11-compile.xml
	report for default#hello-akka_2.11;1.0 runtime produced in C:\hello-akka\target\resolution-cache\reports\default-hello-akka_2.11-runtime.xml
	report for default#hello-akka_2.11;1.0 test produced in C:\hello-akka\target\resolution-cache\reports\default-hello-akka_2.11-test.xml
	report for default#hello-akka_2.11;1.0 provided produced in C:\hello-akka\target\resolution-cache\reports\default-hello-akka_2.11-provided.xml
	report for default#hello-akka_2.11;1.0 optional produced in C:\hello-akka\target\resolution-cache\reports\default-hello-akka_2.11-optional.xml
	report for default#hello-akka_2.11;1.0 compile-internal produced in C:\hello-akka\target\resolution-cache\reports\default-hello-akka_2.11-compile-internal.xml
	report for default#hello-akka_2.11;1.0 runtime-internal produced in C:\hello-akka\target\resolution-cache\reports\default-hello-akka_2.11-runtime-internal.xml
	report for default#hello-akka_2.11;1.0 test-internal produced in C:\hello-akka\target\resolution-cache\reports\default-hello-akka_2.11-test-internal.xml
	report for default#hello-akka_2.11;1.0 plugin produced in C:\hello-akka\target\resolution-cache\reports\default-hello-akka_2.11-plugin.xml
	report for default#hello-akka_2.11;1.0 sources produced in C:\hello-akka\target\resolution-cache\reports\default-hello-akka_2.11-sources.xml
	report for default#hello-akka_2.11;1.0 docs produced in C:\hello-akka\target\resolution-cache\reports\default-hello-akka_2.11-docs.xml
	report for default#hello-akka_2.11;1.0 pom produced in C:\hello-akka\target\resolution-cache\reports\default-hello-akka_2.11-pom.xml
	report for default#hello-akka_2.11;1.0 scala-tool produced in C:\hello-akka\target\resolution-cache\reports\default-hello-akka_2.11-scala-tool.xml
	resolve done (3090ms resolve - 106ms download)
Read from stdout: Done updating.
Done updating.
Read from stdout: Scala version was updated by one of library dependencies:
Scala version was updated by one of library dependencies:
Read from stdout: 	* org.scala-lang:scala-library:2.11.6 -> 2.11.7
	* org.scala-lang:scala-library:2.11.6 -> 2.11.7
Read from stdout: To force scalaVersion, add the following:
To force scalaVersion, add the following:
Read from stdout: 	ivyScala := ivyScala.value map { _.copy(overrideScalaVersion = true) }
	ivyScala := ivyScala.value map { _.copy(overrideScalaVersion = true) }
Read from stdout: Run 'evicted' to see detailed eviction warnings
Run 'evicted' to see detailed eviction warnings

Initial source changes: 
	removed:Set()
	added: Set()
	modified: Set()
Removed products: Set()
External API changes: API Changes: Set()
Modified binary dependencies: Set()
Initial directly invalidated sources: Set()

Sources indirectly invalidated by:
	product: Set()
	binary dep: Set()
	external source: Set()
All initially invalidated sources: Set()

Total time: 6 s, completed 07.02.2017. 00.42.05
> server-post-command-cleanup
> server-handle-next-server-request
> {file:/C:/hello-akka/}hello-akka/compile:mainClass
Evaluating tasks: compile:mainClass
Running task... Cancel: sbt.server.ServerTaskCancellation@4e9e46de, check cycles: false

Initial source changes: 
	removed:Set()
	added: Set()
	modified: Set()
Removed products: Set()
External API changes: API Changes: Set()
Modified binary dependencies: Set()
Initial directly invalidated sources: Set()

Sources indirectly invalidated by:
	product: Set()
	binary dep: Set()
	external source: Set()
All initially invalidated sources: Set()

Read from stdout: Multiple main classes detected.  Run 'show discoveredMainClasses' to see the list
Multiple main classes detected.  Run 'show discoveredMainClasses' to see the list
Total time: 1 s, completed 07.02.2017. 00.42.06
> server-post-command-cleanup
> server-handle-next-server-request
> {file:/C:/hello-akka/}hello-akka/compile:discoveredMainClasses
Evaluating tasks: compile:discoveredMainClasses
Running task... Cancel: sbt.server.ServerTaskCancellation@15114c44, check cycles: false

Initial source changes: 
	removed:Set()
	added: Set()
	modified: Set()
Removed products: Set()
External API changes: API Changes: Set()
Modified binary dependencies: Set()
Initial directly invalidated sources: Set()

Sources indirectly invalidated by:
	product: Set()
	binary dep: Set()
	external source: Set()
All initially invalidated sources: Set()

Total time: 1 s, completed 07.02.2017. 00.42.07
> server-post-command-cleanup
> server-handle-next-server-request
> {file:/C:/hello-akka/}hello-akka/compile:mainClass
Evaluating tasks: compile:mainClass
Running task... Cancel: sbt.server.ServerTaskCancellation@297dea2a, check cycles: false

Initial source changes: 
	removed:Set()
	added: Set()
	modified: Set()
Removed products: Set()
External API changes: API Changes: Set()
Modified binary dependencies: Set()
Initial directly invalidated sources: Set()

Sources indirectly invalidated by:
	product: Set()
	binary dep: Set()
	external source: Set()
All initially invalidated sources: Set()

Read from stdout: Multiple main classes detected.  Run 'show discoveredMainClasses' to see the list
Multiple main classes detected.  Run 'show discoveredMainClasses' to see the list
Total time: 1 s, completed 07.02.2017. 00.42.08
> server-post-command-cleanup
> server-handle-next-server-request
> compile
Evaluating tasks: compile:compile
Running task... Cancel: sbt.server.ServerTaskCancellation@6f0e92bc, check cycles: false

Initial source changes: 
	removed:Set()
	added: Set()
	modified: Set()
Removed products: Set()
External API changes: API Changes: Set()
Modified binary dependencies: Set()
Initial directly invalidated sources: Set()

Sources indirectly invalidated by:
	product: Set()
	binary dep: Set()
	external source: Set()
All initially invalidated sources: Set()

Total time: 1 s, completed 07.02.2017. 01.02.48
> server-post-command-cleanup
> server-handle-next-server-request
> compile
Evaluating tasks: compile:compile
Running task... Cancel: sbt.server.ServerTaskCancellation@53dac586, check cycles: false

Initial source changes: 
	removed:Set()
	added: Set()
	modified: Set()
Removed products: Set(C:\hello-akka\target\scala-2.11\classes\Greet.class, C:\hello-akka\target\scala-2.11\classes\HelloAkkaJava$Greeter.class, C:\hello-akka\target\scala-2.11\classes\WhoToGreet$.class, C:\hello-akka\target\scala-2.11\classes\HelloAkkaJava$GreetPrinter.class, C:\hello-akka\target\scala-2.11\classes\HelloAkkaScala$delayedInit$body.class, C:\hello-akka\target\scala-2.11\classes\GreetPrinter.class, C:\hello-akka\target\scala-2.11\classes\HelloAkkaScala.class, C:\hello-akka\target\scala-2.11\classes\HelloAkkaJava.class, C:\hello-akka\target\scala-2.11\classes\HelloAkkaJava$WhoToGreet.class, C:\hello-akka\target\scala-2.11\classes\WhoToGreet.class, C:\hello-akka\target\scala-2.11\classes\Greeting$.class, C:\hello-akka\target\scala-2.11\classes\HelloAkkaJava$Greeting.class, C:\hello-akka\target\scala-2.11\classes\HelloAkkaJava$Greet.class, C:\hello-akka\target\scala-2.11\classes\HelloAkkaScala$.class, C:\hello-akka\target\scala-2.11\classes\Greeter.class, C:\hello-akka\target\scala-2.11\classes\GreetPrinter$$anonfun$receive$2.class, C:\hello-akka\target\scala-2.11\classes\Greet$.class, C:\hello-akka\target\scala-2.11\classes\Greeter$$anonfun$receive$1.class, C:\hello-akka\target\scala-2.11\classes\Greeting.class)
External API changes: API Changes: Set()
Modified binary dependencies: Set()
Initial directly invalidated sources: Set()

Sources indirectly invalidated by:
	product: Set(C:\hello-akka\src\main\scala\HelloAkkaScala.scala, C:\hello-akka\src\main\java\HelloAkkaJava.java)
	binary dep: Set()
	external source: Set()
All initially invalidated sources: Set(C:\hello-akka\src\main\scala\HelloAkkaScala.scala, C:\hello-akka\src\main\java\HelloAkkaJava.java)

Recompiling all 2 sources: invalidated sources (2) exceeded 50.0% of all sources
Read from stdout: Compiling 1 Scala source and 1 Java source to C:\hello-akka\target\scala-2.11\classes...
Compiling 1 Scala source and 1 Java source to C:\hello-akka\target\scala-2.11\classes...
Getting compiler-interface from component compiler for Scala 2.11.6
Other repositories:
Default repositories:
Getting compiler-interface from component compiler for Scala 2.11.6
Other repositories:
Default repositories:
Running cached compiler 754884bc, interfacing (CompilerInterface) with Scala compiler version 2.11.6
Calling Scala compiler with arguments  (CompilerInterface):
	-bootclasspath
	C:\Program Files\Java\jdk1.8.0_121\jre\lib\resources.jar;C:\Program Files\Java\jdk1.8.0_121\jre\lib\rt.jar;C:\Program Files\Java\jdk1.8.0_121\jre\lib\sunrsasign.jar;C:\Program Files\Java\jdk1.8.0_121\jre\lib\jsse.jar;C:\Program Files\Java\jdk1.8.0_121\jre\lib\jce.jar;C:\Program Files\Java\jdk1.8.0_121\jre\lib\charsets.jar;C:\Program Files\Java\jdk1.8.0_121\jre\lib\jfr.jar;C:\Program Files\Java\jdk1.8.0_121\jre\classes;D:\activator-dist-1.3.12\repository\org.scala-lang\scala-library\2.11.6\jars\scala-library.jar
	-classpath
	C:\hello-akka\target\scala-2.11\classes;D:\activator-dist-1.3.12\repository\com.typesafe.akka\akka-actor_2.11\2.4.0\jars\akka-actor_2.11.jar;D:\activator-dist-1.3.12\repository\com.typesafe\config\1.3.0\bundles\config.jar;D:\activator-dist-1.3.12\repository\com.typesafe.akka\akka-testkit_2.11\2.4.0\jars\akka-testkit_2.11.jar
Scala compilation took 41.485486339 s
Attempting to call com.sun.tools.javac.api.JavacTool@731fa7f4 directly...
Java compilation took 2.799222069 s
Java analysis took 0.66766994 s
Java compile + analysis took 3.496544157 s
New invalidations:
	Set()
Initial set of included nodes: Set()
Previously invalidated, but (transitively) depend on new invalidations:
	Set()
All newly invalidated sources after taking into account (previously) recompiled sources:Set()
Total time: 47 s, completed 07.02.2017. 01.06.48
> server-post-command-cleanup
> server-handle-next-server-request
> compile
Evaluating tasks: compile:compile
Running task... Cancel: sbt.server.ServerTaskCancellation@519e0087, check cycles: false

Initial source changes: 
	removed:Set(C:\hello-akka\src\main\scala\HelloAkkaScala.scala)
	added: Set()
	modified: Set()
Removed products: Set()
External API changes: API Changes: Set()
Modified binary dependencies: Set()
Initial directly invalidated sources: Set(C:\hello-akka\src\main\scala\HelloAkkaScala.scala)

Sources indirectly invalidated by:
	product: Set()
	binary dep: Set()
	external source: Set()
All initially invalidated sources: Set(C:\hello-akka\src\main\scala\HelloAkkaScala.scala)

Recompiling all 1 sources: invalidated sources (1) exceeded 50.0% of all sources
Read from stdout: Compiling 1 Java source to C:\hello-akka\target\scala-2.11\classes...
Compiling 1 Java source to C:\hello-akka\target\scala-2.11\classes...
Attempting to call com.sun.tools.javac.api.JavacTool@6473b455 directly...
Java compilation took 0.87030574 s
Java analysis took 0.145168854 s
Java compile + analysis took 1.024612012 s
Invalidating C:\hello-akka\src\main\scala\HelloAkkaScala.scala...
Invalidating (transitively) by inheritance from C:\hello-akka\src\main\scala\HelloAkkaScala.scala...
Initial set of included nodes: Set(C:\hello-akka\src\main\scala\HelloAkkaScala.scala)
Invalidated by transitive inheritance dependency: Set(C:\hello-akka\src\main\scala\HelloAkkaScala.scala)
The C:\hello-akka\src\main\scala\HelloAkkaScala.scala source file has the following implicit definitions changed:
	self, context.
All member reference dependencies will be considered within this context.
New invalidations:
	Set()
Initial set of included nodes: Set()
Previously invalidated, but (transitively) depend on new invalidations:
	Set()
All newly invalidated sources after taking into account (previously) recompiled sources:Set()
Total time: 3 s, completed 07.02.2017. 01.07.37
> server-post-command-cleanup
> server-handle-next-server-request
> compile
Evaluating tasks: compile:compile
Running task... Cancel: sbt.server.ServerTaskCancellation@53eb78d8, check cycles: false

Initial source changes: 
	removed:Set()
	added: Set()
	modified: Set()
Removed products: Set()
External API changes: API Changes: Set()
Modified binary dependencies: Set()
Initial directly invalidated sources: Set()

Sources indirectly invalidated by:
	product: Set()
	binary dep: Set()
	external source: Set()
All initially invalidated sources: Set()

Total time: 0 s, completed 07.02.2017. 01.07.37
> server-post-command-cleanup
> server-handle-next-server-request
> compile
Evaluating tasks: compile:compile
Running task... Cancel: sbt.server.ServerTaskCancellation@1007129a, check cycles: false

Initial source changes: 
	removed:Set()
	added: Set()
	modified: Set()
Removed products: Set()
External API changes: API Changes: Set()
Modified binary dependencies: Set()
Initial directly invalidated sources: Set()

Sources indirectly invalidated by:
	product: Set()
	binary dep: Set()
	external source: Set()
All initially invalidated sources: Set()

Total time: 2 s, completed 07.02.2017. 01.09.28
> server-post-command-cleanup
> server-handle-next-server-request
> compile
Evaluating tasks: compile:compile
Running task... Cancel: sbt.server.ServerTaskCancellation@116d2c63, check cycles: false

Initial source changes: 
	removed:Set()
	added: Set()
	modified: Set()
Removed products: Set()
External API changes: API Changes: Set()
Modified binary dependencies: Set()
Initial directly invalidated sources: Set()

Sources indirectly invalidated by:
	product: Set()
	binary dep: Set()
	external source: Set()
All initially invalidated sources: Set()

Total time: 1 s, completed 07.02.2017. 01.09.29
> server-post-command-cleanup
> server-handle-next-server-request
